[debug] [2024-01-11T12:04:37.500Z] ----------------------------------------------------------------------
[debug] [2024-01-11T12:04:37.503Z] Command:       C:\Program Files\nodejs\node.exe C:\Users\H480103\AppData\Roaming\npm\node_modules\firebase-tools\lib\bin\firebase.js init
[debug] [2024-01-11T12:04:37.503Z] CLI Version:   13.0.1
[debug] [2024-01-11T12:04:37.503Z] Platform:      win32
[debug] [2024-01-11T12:04:37.503Z] Node Version:  v20.10.0
[debug] [2024-01-11T12:04:37.503Z] Time:          Thu Jan 11 2024 17:34:37 GMT+0530 (India Standard Time)
[debug] [2024-01-11T12:04:37.503Z] ----------------------------------------------------------------------
[debug] 
[debug] [2024-01-11T12:04:37.506Z] >>> [apiv2][query] GET https://firebase-public.firebaseio.com/cli.json [none]
[debug] [2024-01-11T12:04:37.551Z] > command requires scopes: ["email","openid","https://www.googleapis.com/auth/cloudplatformprojects.readonly","https://www.googleapis.com/auth/firebase","https://www.googleapis.com/auth/cloud-platform"]
[debug] [2024-01-11T12:04:37.552Z] > authorizing via signed-in user (naik.nutun@gmail.com)
[info] 
     ######## #### ########  ######## ########     ###     ######  ########
     ##        ##  ##     ## ##       ##     ##  ##   ##  ##       ##
     ######    ##  ########  ######   ########  #########  ######  ######
     ##        ##  ##    ##  ##       ##     ## ##     ##       ## ##
     ##       #### ##     ## ######## ########  ##     ##  ######  ########

You're about to initialize a Firebase project in this directory:

  C:\Personal-Projects\admin-dashboard-eventmanager

Before we get started, keep in mind:

  * You are currently outside your home directory

[debug] [2024-01-11T12:04:38.133Z] <<< [apiv2][status] GET https://firebase-public.firebaseio.com/cli.json 200
[debug] [2024-01-11T12:04:38.133Z] <<< [apiv2][body] GET https://firebase-public.firebaseio.com/cli.json {"cloudBuildErrorAfter":1594252800000,"cloudBuildWarnAfter":1590019200000,"defaultNode10After":1594252800000,"minVersion":"3.0.5","node8DeploysDisabledAfter":1613390400000,"node8RuntimeDisabledAfter":1615809600000,"node8WarnAfter":1600128000000}
